TN:
SF:basicOperations.js
FN:1,(anonymous_0)
FN:5,(anonymous_1)
FN:9,(anonymous_2)
FN:13,(anonymous_3)
FN:18,(anonymous_4)
FN:22,(anonymous_5)
FN:26,(anonymous_6)
FN:30,(anonymous_7)
FN:34,(anonymous_8)
FN:39,(anonymous_9)
FN:40,(anonymous_10)
FN:43,(anonymous_11)
FN:44,(anonymous_12)
FN:47,(anonymous_13)
FN:48,(anonymous_14)
FN:59,(anonymous_15)
FN:60,(anonymous_16)
FN:63,(anonymous_17)
FN:64,(anonymous_18)
FNF:19
FNH:18
FNDA:42,(anonymous_0)
FNDA:26,(anonymous_1)
FNDA:14,(anonymous_2)
FNDA:8,(anonymous_3)
FNDA:2,(anonymous_4)
FNDA:7,(anonymous_5)
FNDA:2,(anonymous_6)
FNDA:0,(anonymous_7)
FNDA:9,(anonymous_8)
FNDA:5,(anonymous_9)
FNDA:13,(anonymous_10)
FNDA:5,(anonymous_11)
FNDA:22,(anonymous_12)
FNDA:4,(anonymous_13)
FNDA:14,(anonymous_14)
FNDA:2,(anonymous_15)
FNDA:9,(anonymous_16)
FNDA:2,(anonymous_17)
FNDA:9,(anonymous_18)
DA:1,1
DA:2,42
DA:5,1
DA:6,26
DA:9,1
DA:10,14
DA:13,1
DA:14,8
DA:15,8
DA:18,1
DA:19,2
DA:22,1
DA:23,7
DA:26,1
DA:27,2
DA:30,1
DA:31,0
DA:34,1
DA:35,9
DA:36,9
DA:39,1
DA:40,13
DA:43,1
DA:44,22
DA:47,1
DA:48,4
DA:49,14
DA:50,6
DA:52,8
DA:53,8
DA:55,0
DA:59,1
DA:60,9
DA:63,1
DA:64,9
LF:35
LH:33
BRDA:49,0,0,6
BRDA:49,0,1,8
BRDA:52,1,0,8
BRDA:52,1,1,0
BRF:4
BRH:3
end_of_record
TN:
SF:complexOperations.js
FN:23,(anonymous_0)
FN:47,(anonymous_1)
FN:86,(anonymous_2)
FN:108,(anonymous_3)
FN:131,(anonymous_4)
FN:155,(anonymous_5)
FNF:6
FNH:6
FNDA:14,(anonymous_0)
FNDA:12,(anonymous_1)
FNDA:11,(anonymous_2)
FNDA:9,(anonymous_3)
FNDA:8,(anonymous_4)
FNDA:9,(anonymous_5)
DA:23,2
DA:24,14
DA:25,1
DA:27,13
DA:28,13
DA:29,3
DA:31,10
DA:47,2
DA:48,12
DA:49,0
DA:51,12
DA:52,2
DA:54,10
DA:57,7
DA:59,3
DA:62,0
DA:63,0
DA:65,0
DA:86,2
DA:87,11
DA:88,6
DA:90,5
DA:91,5
DA:92,2
DA:94,3
DA:108,2
DA:109,9
DA:110,1
DA:112,8
DA:113,8
DA:114,4
DA:116,4
DA:131,2
DA:132,8
DA:133,1
DA:135,7
DA:136,1
DA:138,6
DA:139,1
DA:141,5
DA:155,2
DA:156,9
DA:157,1
DA:159,8
DA:160,8
DA:161,4
DA:163,4
DA:172,2
LF:48
LH:44
BRDA:24,0,0,1
BRDA:24,0,1,13
BRDA:24,1,0,14
BRDA:24,1,1,13
BRDA:28,2,0,3
BRDA:28,2,1,10
BRDA:47,3,0,0
BRDA:48,4,0,0
BRDA:48,4,1,12
BRDA:48,5,0,12
BRDA:48,5,1,12
BRDA:51,6,0,2
BRDA:51,6,1,10
BRDA:51,7,0,12
BRDA:51,7,1,10
BRDA:54,8,0,3
BRDA:54,8,1,7
BRDA:54,8,2,3
BRDA:54,8,3,0
BRDA:54,8,4,0
BRDA:87,9,0,6
BRDA:87,9,1,5
BRDA:87,10,0,11
BRDA:87,10,1,5
BRDA:87,10,2,5
BRDA:91,11,0,2
BRDA:91,11,1,3
BRDA:109,12,0,1
BRDA:109,12,1,8
BRDA:109,13,0,9
BRDA:109,13,1,9
BRDA:113,14,0,4
BRDA:113,14,1,4
BRDA:132,15,0,1
BRDA:132,15,1,7
BRDA:135,16,0,1
BRDA:135,16,1,6
BRDA:135,17,0,7
BRDA:135,17,1,7
BRDA:138,18,0,1
BRDA:138,18,1,5
BRDA:156,19,0,1
BRDA:156,19,1,8
BRDA:160,20,0,4
BRDA:160,20,1,4
BRF:45
BRH:41
end_of_record
TN:
SF:operations.mock.js
FN:19,(anonymous_0)
FNF:1
FNH:1
FNDA:1,(anonymous_0)
DA:2,1
DA:3,1
DA:4,1
DA:5,1
DA:6,1
DA:7,1
DA:8,1
DA:9,1
DA:10,1
DA:11,1
DA:14,1
DA:15,1
DA:16,1
DA:17,1
DA:19,1
DA:20,1
LF:16
LH:16
BRF:0
BRH:0
end_of_record
